<?xml version="1.0" encoding="UTF-8"?>
<!-- Generated by org.testng.reporters.JUnitXMLReporter -->
<testsuite ignored="0" hostname="SWAPS-PC" failures="1" tests="1" name="InventoryTests" time="2.965" errors="0" timestamp="2025-11-28T22:35:37 IST">
  <testcase classname="tests.InventoryTest" name="verifyAddToCartFlow" time="0.474">
    <failure type="java.lang.AssertionError" message="Inventory Page not loaded! expected [Products11] but found [Products]">
      <![CDATA[java.lang.AssertionError: Inventory Page not loaded! expected [Products11] but found [Products]
at tests.InventoryTest.verifyAddToCartFlow(InventoryTest.java:26)
at java.base/java.util.concurrent.Executors$RunnableAdapter.call(Executors.java:539)
at java.base/java.util.concurrent.FutureTask.run(FutureTask.java:264)
at java.base/java.util.concurrent.ThreadPoolExecutor.runWorker(ThreadPoolExecutor.java:1136)
at java.base/java.util.concurrent.ThreadPoolExecutor$Worker.run(ThreadPoolExecutor.java:635)
at java.base/java.lang.Thread.run(Thread.java:842)
... Removed 18 stack frames]]>
    </failure>
  </testcase> <!-- verifyAddToCartFlow -->
</testsuite> <!-- InventoryTests -->
